<?xml version="1.0" encoding="UTF-8"?>
<testng-results skipped="0" failed="1" ignored="0" total="3" passed="2">
  <reporter-output>
  </reporter-output>
  <suite name="Default suite" duration-ms="61207" started-at="2021-10-23T21:07:04 IST" finished-at="2021-10-23T21:08:05 IST">
    <groups>
    </groups>
    <test name="Default test" duration-ms="61207" started-at="2021-10-23T21:07:04 IST" finished-at="2021-10-23T21:08:05 IST">
      <class name="com.testingshastra.UItest.HomePageTests">
        <test-method status="PASS" signature="Setup()[pri:0, instance:com.testingshastra.UItest.HomePageTests@1990a65e]" name="Setup" is-config="true" duration-ms="21357" started-at="2021-10-23T21:07:04 IST" finished-at="2021-10-23T21:07:25 IST">
          <reporter-output>
          </reporter-output>
        </test-method> <!-- Setup -->
        <test-method status="FAIL" signature="VerifyTitleOfHomePgae()[pri:0, instance:com.testingshastra.UItest.HomePageTests@1990a65e]" name="VerifyTitleOfHomePgae" duration-ms="86" started-at="2021-10-23T21:07:25 IST" finished-at="2021-10-23T21:07:25 IST">
          <exception class="java.lang.AssertionError">
            <message>
              <![CDATA[expected [ IJMeet] but found [IJmeet]]]>
            </message>
            <full-stacktrace>
              <![CDATA[java.lang.AssertionError: expected [ IJMeet] but found [IJmeet]
at org.testng.Assert.fail(Assert.java:97)
at org.testng.Assert.assertEqualsImpl(Assert.java:136)
at org.testng.Assert.assertEquals(Assert.java:118)
at org.testng.Assert.assertEquals(Assert.java:575)
at org.testng.Assert.assertEquals(Assert.java:585)
at com.testingshastra.UItest.HomePageTests.VerifyTitleOfHomePgae(HomePageTests.java:19)
at sun.reflect.NativeMethodAccessorImpl.invoke0(Native Method)
at sun.reflect.NativeMethodAccessorImpl.invoke(NativeMethodAccessorImpl.java:62)
at sun.reflect.DelegatingMethodAccessorImpl.invoke(DelegatingMethodAccessorImpl.java:43)
at java.lang.reflect.Method.invoke(Method.java:498)
at org.testng.internal.MethodInvocationHelper.invokeMethod(MethodInvocationHelper.java:134)
at org.testng.internal.TestInvoker.invokeMethod(TestInvoker.java:597)
at org.testng.internal.TestInvoker.invokeTestMethod(TestInvoker.java:173)
at org.testng.internal.MethodRunner.runInSequence(MethodRunner.java:46)
at org.testng.internal.TestInvoker$MethodInvocationAgent.invoke(TestInvoker.java:816)
at org.testng.internal.TestInvoker.invokeTestMethods(TestInvoker.java:146)
at org.testng.internal.TestMethodWorker.invokeTestMethods(TestMethodWorker.java:146)
at org.testng.internal.TestMethodWorker.run(TestMethodWorker.java:128)
at java.util.ArrayList.forEach(ArrayList.java:1259)
at org.testng.TestRunner.privateRun(TestRunner.java:766)
at org.testng.TestRunner.run(TestRunner.java:587)
at org.testng.SuiteRunner.runTest(SuiteRunner.java:384)
at org.testng.SuiteRunner.runSequentially(SuiteRunner.java:378)
at org.testng.SuiteRunner.privateRun(SuiteRunner.java:337)
at org.testng.SuiteRunner.run(SuiteRunner.java:286)
at org.testng.SuiteRunnerWorker.runSuite(SuiteRunnerWorker.java:53)
at org.testng.SuiteRunnerWorker.run(SuiteRunnerWorker.java:96)
at org.testng.TestNG.runSuitesSequentially(TestNG.java:1187)
at org.testng.TestNG.runSuitesLocally(TestNG.java:1109)
at org.testng.TestNG.runSuites(TestNG.java:1039)
at org.testng.TestNG.run(TestNG.java:1007)
at org.testng.remote.AbstractRemoteTestNG.run(AbstractRemoteTestNG.java:115)
at org.testng.remote.RemoteTestNG.initAndRun(RemoteTestNG.java:251)
at org.testng.remote.RemoteTestNG.main(RemoteTestNG.java:77)
]]>
            </full-stacktrace>
          </exception> <!-- java.lang.AssertionError -->
          <reporter-output>
          </reporter-output>
        </test-method> <!-- VerifyTitleOfHomePgae -->
        <test-method status="PASS" signature="tearDown()[pri:0, instance:com.testingshastra.UItest.HomePageTests@1990a65e]" name="tearDown" is-config="true" duration-ms="1767" started-at="2021-10-23T21:07:25 IST" finished-at="2021-10-23T21:07:27 IST">
          <reporter-output>
          </reporter-output>
        </test-method> <!-- tearDown -->
        <test-method status="PASS" signature="Setup()[pri:0, instance:com.testingshastra.UItest.HomePageTests@1990a65e]" name="Setup" is-config="true" duration-ms="15984" started-at="2021-10-23T21:07:27 IST" finished-at="2021-10-23T21:07:43 IST">
          <reporter-output>
          </reporter-output>
        </test-method> <!-- Setup -->
        <test-method status="PASS" signature="VerifyusertojoinMeetingpage()[pri:0, instance:com.testingshastra.UItest.HomePageTests@1990a65e]" name="VerifyusertojoinMeetingpage" duration-ms="2364" started-at="2021-10-23T21:07:43 IST" finished-at="2021-10-23T21:07:45 IST">
          <reporter-output>
          </reporter-output>
        </test-method> <!-- VerifyusertojoinMeetingpage -->
        <test-method status="PASS" signature="tearDown()[pri:0, instance:com.testingshastra.UItest.HomePageTests@1990a65e]" name="tearDown" is-config="true" duration-ms="1462" started-at="2021-10-23T21:07:45 IST" finished-at="2021-10-23T21:07:47 IST">
          <reporter-output>
          </reporter-output>
        </test-method> <!-- tearDown -->
        <test-method status="PASS" signature="Setup()[pri:0, instance:com.testingshastra.UItest.HomePageTests@1990a65e]" name="Setup" is-config="true" duration-ms="15978" started-at="2021-10-23T21:07:47 IST" finished-at="2021-10-23T21:08:03 IST">
          <reporter-output>
          </reporter-output>
        </test-method> <!-- Setup -->
        <test-method status="PASS" signature="printallinfolinks()[pri:0, instance:com.testingshastra.UItest.HomePageTests@1990a65e]" name="printallinfolinks" duration-ms="419" started-at="2021-10-23T21:08:03 IST" finished-at="2021-10-23T21:08:03 IST">
          <reporter-output>
          </reporter-output>
        </test-method> <!-- printallinfolinks -->
        <test-method status="PASS" signature="tearDown()[pri:0, instance:com.testingshastra.UItest.HomePageTests@1990a65e]" name="tearDown" is-config="true" duration-ms="1603" started-at="2021-10-23T21:08:03 IST" finished-at="2021-10-23T21:08:05 IST">
          <reporter-output>
          </reporter-output>
        </test-method> <!-- tearDown -->
      </class> <!-- com.testingshastra.UItest.HomePageTests -->
    </test> <!-- Default test -->
  </suite> <!-- Default suite -->
</testng-results>
